#-----------------------------------------------------------
# Vivado Lab Edition v2024.1 (64-bit)
# SW Build 5076996 on Wed May 22 18:36:09 MDT 2024
# 
# 
# Start of session at: Sun Oct 13 00:38:29 2024
# Process ID: 99939
# Current directory: /home/genesys/Demo_BS/Suyash_OTA_FL/gr-OTA_FL/examples
# Command line: vivado_lab
# Log file: /home/genesys/Demo_BS/Suyash_OTA_FL/gr-OTA_FL/examples/vivado_lab.log
# Journal file: /home/genesys/Demo_BS/Suyash_OTA_FL/gr-OTA_FL/examples/vivado_lab.jou
# Running On        :genesys
# Platform          :Ubuntu
# Operating System  :Ubuntu 20.04.6 LTS
# Processor Detail  :Intel(R) Core(TM) i7-8850H CPU @ 2.60GHz
# CPU Frequency     :943.658 MHz
# CPU Physical cores:6
# CPU Logical cores :12
# Host memory       :16554 MB
# Swap memory       :16961 MB
# Total Virtual     :33516 MB
# Available Virtual :28376 MB
#-----------------------------------------------------------
start_gui
open_hw_manager
connect_hw_server -allow_non_jtag
INFO: [Labtools 27-2285] Connecting to hw_server url TCP:localhost:3121
INFO: [Labtools 27-2222] Launching hw_server...
INFO: [Labtools 27-2221] Launch Output:

****** Xilinx hw_server v2024.1
  **** Build date : May 22 2024 at 19:19:01
    ** Copyright 1986-2022 Xilinx, Inc. All Rights Reserved.


INFO: [Labtools 27-3415] Connecting to cs_server url TCP:localhost:0
INFO: [Labtools 27-3417] Launching cs_server...
INFO: [Labtools 27-2221] Launch Output:


******** Xilinx cs_server v2024.1.0
  ****** Build date   : Apr 26 2024-21:40:49
    **** Build number : 2024.1.1714182049
      ** Copyright 2017-2022 Xilinx, Inc. All Rights Reserved.
      ** Copyright 2022-2024 Advanced Micro Devices, Inc. All Rights Reserved.



open_hw_target
INFO: [Labtoolstcl 44-466] Opening hw_target localhost:3121/xilinx_tcf/Digilent/2516351A76C2A
current_hw_device [get_hw_devices xc7k410t_0]
refresh_hw_device -update_hw_probes false [lindex [get_hw_devices xc7k410t_0] 0]
INFO: [Labtools 27-1435] Device xc7k410t (JTAG device index = 0) is not programmed (DONE status = 0).
set_property PROBES.FILE {} [get_hw_devices xc7k410t_0]
set_property FULL_PROBES.FILE {} [get_hw_devices xc7k410t_0]
set_property PROGRAM.FILE {/usr/local/share/uhd/images/usrp_x310_fpga_HG.bit} [get_hw_devices xc7k410t_0]
program_hw_devices [get_hw_devices xc7k410t_0]
INFO: [Labtools 27-3164] End of startup status: HIGH
program_hw_devices: Time (s): cpu = 00:00:09 ; elapsed = 00:00:09 . Memory (MB): peak = 7117.816 ; gain = 0.000 ; free physical = 5805 ; free virtual = 26364
refresh_hw_device [lindex [get_hw_devices xc7k410t_0] 0]
INFO: [Labtools 27-1434] Device xc7k410t (JTAG device index = 0) is programmed with a design that has no supported debug core(s) in it.
exit
INFO: [Common 17-206] Exiting vivado_lab at Sun Oct 13 00:39:28 2024...
