Determining if the pthread_create exist failed with the following output:
Change Dir: /home/genesys/Demo/Suyash_OTA_FL/gr-OTA_FL/build/CMakeFiles/CMakeTmp

Run Build Command:"/usr/bin/make" "cmTC_29a31/fast"
/usr/bin/make -f CMakeFiles/cmTC_29a31.dir/build.make CMakeFiles/cmTC_29a31.dir/build
make[1]: Entering directory '/home/genesys/Demo/Suyash_OTA_FL/gr-OTA_FL/build/CMakeFiles/CMakeTmp'
Building C object CMakeFiles/cmTC_29a31.dir/CheckSymbolExists.c.o
/usr/bin/cc    -o CMakeFiles/cmTC_29a31.dir/CheckSymbolExists.c.o   -c /home/genesys/Demo/Suyash_OTA_FL/gr-OTA_FL/build/CMakeFiles/CMakeTmp/CheckSymbolExists.c
Linking C executable cmTC_29a31
/usr/local/bin/cmake -E cmake_link_script CMakeFiles/cmTC_29a31.dir/link.txt --verbose=1
/usr/bin/cc      CMakeFiles/cmTC_29a31.dir/CheckSymbolExists.c.o  -o cmTC_29a31 
/usr/bin/ld: CMakeFiles/cmTC_29a31.dir/CheckSymbolExists.c.o: in function `main':
CheckSymbolExists.c:(.text+0x1f): undefined reference to `pthread_create'
collect2: error: ld returned 1 exit status
make[1]: *** [CMakeFiles/cmTC_29a31.dir/build.make:87: cmTC_29a31] Error 1
make[1]: Leaving directory '/home/genesys/Demo/Suyash_OTA_FL/gr-OTA_FL/build/CMakeFiles/CMakeTmp'
make: *** [Makefile:121: cmTC_29a31/fast] Error 2

File /home/genesys/Demo/Suyash_OTA_FL/gr-OTA_FL/build/CMakeFiles/CMakeTmp/CheckSymbolExists.c:
/* */
#include <pthread.h>

int main(int argc, char** argv)
{
  (void)argv;
#ifndef pthread_create
  return ((int*)(&pthread_create))[argc];
#else
  (void)argc;
  return 0;
#endif
}

Determining if the function pthread_create exists in the pthreads failed with the following output:
Change Dir: /home/genesys/Demo/Suyash_OTA_FL/gr-OTA_FL/build/CMakeFiles/CMakeTmp

Run Build Command:"/usr/bin/make" "cmTC_ea192/fast"
/usr/bin/make -f CMakeFiles/cmTC_ea192.dir/build.make CMakeFiles/cmTC_ea192.dir/build
make[1]: Entering directory '/home/genesys/Demo/Suyash_OTA_FL/gr-OTA_FL/build/CMakeFiles/CMakeTmp'
Building C object CMakeFiles/cmTC_ea192.dir/CheckFunctionExists.c.o
/usr/bin/cc   -DCHECK_FUNCTION_EXISTS=pthread_create   -o CMakeFiles/cmTC_ea192.dir/CheckFunctionExists.c.o   -c /usr/local/share/cmake-3.13/Modules/CheckFunctionExists.c
Linking C executable cmTC_ea192
/usr/local/bin/cmake -E cmake_link_script CMakeFiles/cmTC_ea192.dir/link.txt --verbose=1
/usr/bin/cc  -DCHECK_FUNCTION_EXISTS=pthread_create    CMakeFiles/cmTC_ea192.dir/CheckFunctionExists.c.o  -o cmTC_ea192 -lpthreads 
/usr/bin/ld: cannot find -lpthreads
collect2: error: ld returned 1 exit status
make[1]: *** [CMakeFiles/cmTC_ea192.dir/build.make:87: cmTC_ea192] Error 1
make[1]: Leaving directory '/home/genesys/Demo/Suyash_OTA_FL/gr-OTA_FL/build/CMakeFiles/CMakeTmp'
make: *** [Makefile:121: cmTC_ea192/fast] Error 2


