The system is: Linux - 5.4.0-192-generic - x86_64
Compiling the CXX compiler identification source file "CMakeCXXCompilerId.cpp" succeeded.
Compiler: /usr/bin/c++ 
Build flags: 
Id flags:  

The output was:
0


Compilation of the CXX compiler identification source "CMakeCXXCompilerId.cpp" produced "a.out"

The CXX compiler identification is GNU, found in "/home/genesys/Demo/Suyash_OTA_FL/gr-OTA_FL/build/CMakeFiles/3.13.4/CompilerIdCXX/a.out"

Compiling the C compiler identification source file "CMakeCCompilerId.c" succeeded.
Compiler: /usr/bin/cc 
Build flags: 
Id flags:  

The output was:
0


Compilation of the C compiler identification source "CMakeCCompilerId.c" produced "a.out"

The C compiler identification is GNU, found in "/home/genesys/Demo/Suyash_OTA_FL/gr-OTA_FL/build/CMakeFiles/3.13.4/CompilerIdC/a.out"

Determining if the CXX compiler works passed with the following output:
Change Dir: /home/genesys/Demo/Suyash_OTA_FL/gr-OTA_FL/build/CMakeFiles/CMakeTmp

Run Build Command:"/usr/bin/make" "cmTC_aff70/fast"
/usr/bin/make -f CMakeFiles/cmTC_aff70.dir/build.make CMakeFiles/cmTC_aff70.dir/build
make[1]: Entering directory '/home/genesys/Demo/Suyash_OTA_FL/gr-OTA_FL/build/CMakeFiles/CMakeTmp'
Building CXX object CMakeFiles/cmTC_aff70.dir/testCXXCompiler.cxx.o
/usr/bin/c++     -o CMakeFiles/cmTC_aff70.dir/testCXXCompiler.cxx.o -c /home/genesys/Demo/Suyash_OTA_FL/gr-OTA_FL/build/CMakeFiles/CMakeTmp/testCXXCompiler.cxx
Linking CXX executable cmTC_aff70
/usr/local/bin/cmake -E cmake_link_script CMakeFiles/cmTC_aff70.dir/link.txt --verbose=1
/usr/bin/c++       CMakeFiles/cmTC_aff70.dir/testCXXCompiler.cxx.o  -o cmTC_aff70 
make[1]: Leaving directory '/home/genesys/Demo/Suyash_OTA_FL/gr-OTA_FL/build/CMakeFiles/CMakeTmp'


Detecting CXX compiler ABI info compiled with the following output:
Change Dir: /home/genesys/Demo/Suyash_OTA_FL/gr-OTA_FL/build/CMakeFiles/CMakeTmp

Run Build Command:"/usr/bin/make" "cmTC_fc442/fast"
/usr/bin/make -f CMakeFiles/cmTC_fc442.dir/build.make CMakeFiles/cmTC_fc442.dir/build
make[1]: Entering directory '/home/genesys/Demo/Suyash_OTA_FL/gr-OTA_FL/build/CMakeFiles/CMakeTmp'
Building CXX object CMakeFiles/cmTC_fc442.dir/CMakeCXXCompilerABI.cpp.o
/usr/bin/c++     -o CMakeFiles/cmTC_fc442.dir/CMakeCXXCompilerABI.cpp.o -c /usr/local/share/cmake-3.13/Modules/CMakeCXXCompilerABI.cpp
Linking CXX executable cmTC_fc442
/usr/local/bin/cmake -E cmake_link_script CMakeFiles/cmTC_fc442.dir/link.txt --verbose=1
/usr/bin/c++      -v CMakeFiles/cmTC_fc442.dir/CMakeCXXCompilerABI.cpp.o  -o cmTC_fc442 
Using built-in specs.
COLLECT_GCC=/usr/bin/c++
COLLECT_LTO_WRAPPER=/usr/lib/gcc/x86_64-linux-gnu/9/lto-wrapper
OFFLOAD_TARGET_NAMES=nvptx-none:hsa
OFFLOAD_TARGET_DEFAULT=1
Target: x86_64-linux-gnu
Configured with: ../src/configure -v --with-pkgversion='Ubuntu 9.4.0-1ubuntu1~20.04.2' --with-bugurl=file:///usr/share/doc/gcc-9/README.Bugs --enable-languages=c,ada,c++,go,brig,d,fortran,objc,obj-c++,gm2 --prefix=/usr --with-gcc-major-version-only --program-suffix=-9 --program-prefix=x86_64-linux-gnu- --enable-shared --enable-linker-build-id --libexecdir=/usr/lib --without-included-gettext --enable-threads=posix --libdir=/usr/lib --enable-nls --enable-clocale=gnu --enable-libstdcxx-debug --enable-libstdcxx-time=yes --with-default-libstdcxx-abi=new --enable-gnu-unique-object --disable-vtable-verify --enable-plugin --enable-default-pie --with-system-zlib --with-target-system-zlib=auto --enable-objc-gc=auto --enable-multiarch --disable-werror --with-arch-32=i686 --with-abi=m64 --with-multilib-list=m32,m64,mx32 --enable-multilib --with-tune=generic --enable-offload-targets=nvptx-none=/build/gcc-9-9QDOt0/gcc-9-9.4.0/debian/tmp-nvptx/usr,hsa --without-cuda-driver --enable-checking=release --build=x86_64-linux-gnu --host=x86_64-linux-gnu --target=x86_64-linux-gnu
Thread model: posix
gcc version 9.4.0 (Ubuntu 9.4.0-1ubuntu1~20.04.2) 
COMPILER_PATH=/usr/lib/gcc/x86_64-linux-gnu/9/:/usr/lib/gcc/x86_64-linux-gnu/9/:/usr/lib/gcc/x86_64-linux-gnu/:/usr/lib/gcc/x86_64-linux-gnu/9/:/usr/lib/gcc/x86_64-linux-gnu/
LIBRARY_PATH=/usr/lib/gcc/x86_64-linux-gnu/9/:/usr/lib/gcc/x86_64-linux-gnu/9/../../../x86_64-linux-gnu/:/usr/lib/gcc/x86_64-linux-gnu/9/../../../../lib/:/lib/x86_64-linux-gnu/:/lib/../lib/:/usr/lib/x86_64-linux-gnu/:/usr/lib/../lib/:/usr/lib/gcc/x86_64-linux-gnu/9/../../../:/lib/:/usr/lib/
COLLECT_GCC_OPTIONS='-v' '-o' 'cmTC_fc442' '-shared-libgcc' '-mtune=generic' '-march=x86-64'
 /usr/lib/gcc/x86_64-linux-gnu/9/collect2 -plugin /usr/lib/gcc/x86_64-linux-gnu/9/liblto_plugin.so -plugin-opt=/usr/lib/gcc/x86_64-linux-gnu/9/lto-wrapper -plugin-opt=-fresolution=/tmp/ccYR70AC.res -plugin-opt=-pass-through=-lgcc_s -plugin-opt=-pass-through=-lgcc -plugin-opt=-pass-through=-lc -plugin-opt=-pass-through=-lgcc_s -plugin-opt=-pass-through=-lgcc --build-id --eh-frame-hdr -m elf_x86_64 --hash-style=gnu --as-needed -dynamic-linker /lib64/ld-linux-x86-64.so.2 -pie -z now -z relro -o cmTC_fc442 /usr/lib/gcc/x86_64-linux-gnu/9/../../../x86_64-linux-gnu/Scrt1.o /usr/lib/gcc/x86_64-linux-gnu/9/../../../x86_64-linux-gnu/crti.o /usr/lib/gcc/x86_64-linux-gnu/9/crtbeginS.o -L/usr/lib/gcc/x86_64-linux-gnu/9 -L/usr/lib/gcc/x86_64-linux-gnu/9/../../../x86_64-linux-gnu -L/usr/lib/gcc/x86_64-linux-gnu/9/../../../../lib -L/lib/x86_64-linux-gnu -L/lib/../lib -L/usr/lib/x86_64-linux-gnu -L/usr/lib/../lib -L/usr/lib/gcc/x86_64-linux-gnu/9/../../.. CMakeFiles/cmTC_fc442.dir/CMakeCXXCompilerABI.cpp.o -lstdc++ -lm -lgcc_s -lgcc -lc -lgcc_s -lgcc /usr/lib/gcc/x86_64-linux-gnu/9/crtendS.o /usr/lib/gcc/x86_64-linux-gnu/9/../../../x86_64-linux-gnu/crtn.o
COLLECT_GCC_OPTIONS='-v' '-o' 'cmTC_fc442' '-shared-libgcc' '-mtune=generic' '-march=x86-64'
make[1]: Leaving directory '/home/genesys/Demo/Suyash_OTA_FL/gr-OTA_FL/build/CMakeFiles/CMakeTmp'


Parsed CXX implicit link information from above output:
  link line regex: [^( *|.*[/\])(ld|CMAKE_LINK_STARTFILE-NOTFOUND|([^/\]+-)?ld|collect2)[^/\]*( |$)]
  ignore line: [Change Dir: /home/genesys/Demo/Suyash_OTA_FL/gr-OTA_FL/build/CMakeFiles/CMakeTmp]
  ignore line: []
  ignore line: [Run Build Command:"/usr/bin/make" "cmTC_fc442/fast"]
  ignore line: [/usr/bin/make -f CMakeFiles/cmTC_fc442.dir/build.make CMakeFiles/cmTC_fc442.dir/build]
  ignore line: [make[1]: Entering directory '/home/genesys/Demo/Suyash_OTA_FL/gr-OTA_FL/build/CMakeFiles/CMakeTmp']
  ignore line: [Building CXX object CMakeFiles/cmTC_fc442.dir/CMakeCXXCompilerABI.cpp.o]
  ignore line: [/usr/bin/c++     -o CMakeFiles/cmTC_fc442.dir/CMakeCXXCompilerABI.cpp.o -c /usr/local/share/cmake-3.13/Modules/CMakeCXXCompilerABI.cpp]
  ignore line: [Linking CXX executable cmTC_fc442]
  ignore line: [/usr/local/bin/cmake -E cmake_link_script CMakeFiles/cmTC_fc442.dir/link.txt --verbose=1]
  ignore line: [/usr/bin/c++      -v CMakeFiles/cmTC_fc442.dir/CMakeCXXCompilerABI.cpp.o  -o cmTC_fc442 ]
  ignore line: [Using built-in specs.]
  ignore line: [COLLECT_GCC=/usr/bin/c++]
  ignore line: [COLLECT_LTO_WRAPPER=/usr/lib/gcc/x86_64-linux-gnu/9/lto-wrapper]
  ignore line: [OFFLOAD_TARGET_NAMES=nvptx-none:hsa]
  ignore line: [OFFLOAD_TARGET_DEFAULT=1]
  ignore line: [Target: x86_64-linux-gnu]
  ignore line: [Configured with: ../src/configure -v --with-pkgversion='Ubuntu 9.4.0-1ubuntu1~20.04.2' --with-bugurl=file:///usr/share/doc/gcc-9/README.Bugs --enable-languages=c,ada,c++,go,brig,d,fortran,objc,obj-c++,gm2 --prefix=/usr --with-gcc-major-version-only --program-suffix=-9 --program-prefix=x86_64-linux-gnu- --enable-shared --enable-linker-build-id --libexecdir=/usr/lib --without-included-gettext --enable-threads=posix --libdir=/usr/lib --enable-nls --enable-clocale=gnu --enable-libstdcxx-debug --enable-libstdcxx-time=yes --with-default-libstdcxx-abi=new --enable-gnu-unique-object --disable-vtable-verify --enable-plugin --enable-default-pie --with-system-zlib --with-target-system-zlib=auto --enable-objc-gc=auto --enable-multiarch --disable-werror --with-arch-32=i686 --with-abi=m64 --with-multilib-list=m32,m64,mx32 --enable-multilib --with-tune=generic --enable-offload-targets=nvptx-none=/build/gcc-9-9QDOt0/gcc-9-9.4.0/debian/tmp-nvptx/usr,hsa --without-cuda-driver --enable-checking=release --build=x86_64-linux-gnu --host=x86_64-linux-gnu --target=x86_64-linux-gnu]
  ignore line: [Thread model: posix]
  ignore line: [gcc version 9.4.0 (Ubuntu 9.4.0-1ubuntu1~20.04.2) ]
  ignore line: [COMPILER_PATH=/usr/lib/gcc/x86_64-linux-gnu/9/:/usr/lib/gcc/x86_64-linux-gnu/9/:/usr/lib/gcc/x86_64-linux-gnu/:/usr/lib/gcc/x86_64-linux-gnu/9/:/usr/lib/gcc/x86_64-linux-gnu/]
  ignore line: [LIBRARY_PATH=/usr/lib/gcc/x86_64-linux-gnu/9/:/usr/lib/gcc/x86_64-linux-gnu/9/../../../x86_64-linux-gnu/:/usr/lib/gcc/x86_64-linux-gnu/9/../../../../lib/:/lib/x86_64-linux-gnu/:/lib/../lib/:/usr/lib/x86_64-linux-gnu/:/usr/lib/../lib/:/usr/lib/gcc/x86_64-linux-gnu/9/../../../:/lib/:/usr/lib/]
  ignore line: [COLLECT_GCC_OPTIONS='-v' '-o' 'cmTC_fc442' '-shared-libgcc' '-mtune=generic' '-march=x86-64']
  link line: [ /usr/lib/gcc/x86_64-linux-gnu/9/collect2 -plugin /usr/lib/gcc/x86_64-linux-gnu/9/liblto_plugin.so -plugin-opt=/usr/lib/gcc/x86_64-linux-gnu/9/lto-wrapper -plugin-opt=-fresolution=/tmp/ccYR70AC.res -plugin-opt=-pass-through=-lgcc_s -plugin-opt=-pass-through=-lgcc -plugin-opt=-pass-through=-lc -plugin-opt=-pass-through=-lgcc_s -plugin-opt=-pass-through=-lgcc --build-id --eh-frame-hdr -m elf_x86_64 --hash-style=gnu --as-needed -dynamic-linker /lib64/ld-linux-x86-64.so.2 -pie -z now -z relro -o cmTC_fc442 /usr/lib/gcc/x86_64-linux-gnu/9/../../../x86_64-linux-gnu/Scrt1.o /usr/lib/gcc/x86_64-linux-gnu/9/../../../x86_64-linux-gnu/crti.o /usr/lib/gcc/x86_64-linux-gnu/9/crtbeginS.o -L/usr/lib/gcc/x86_64-linux-gnu/9 -L/usr/lib/gcc/x86_64-linux-gnu/9/../../../x86_64-linux-gnu -L/usr/lib/gcc/x86_64-linux-gnu/9/../../../../lib -L/lib/x86_64-linux-gnu -L/lib/../lib -L/usr/lib/x86_64-linux-gnu -L/usr/lib/../lib -L/usr/lib/gcc/x86_64-linux-gnu/9/../../.. CMakeFiles/cmTC_fc442.dir/CMakeCXXCompilerABI.cpp.o -lstdc++ -lm -lgcc_s -lgcc -lc -lgcc_s -lgcc /usr/lib/gcc/x86_64-linux-gnu/9/crtendS.o /usr/lib/gcc/x86_64-linux-gnu/9/../../../x86_64-linux-gnu/crtn.o]
    arg [/usr/lib/gcc/x86_64-linux-gnu/9/collect2] ==> ignore
    arg [-plugin] ==> ignore
    arg [/usr/lib/gcc/x86_64-linux-gnu/9/liblto_plugin.so] ==> ignore
    arg [-plugin-opt=/usr/lib/gcc/x86_64-linux-gnu/9/lto-wrapper] ==> ignore
    arg [-plugin-opt=-fresolution=/tmp/ccYR70AC.res] ==> ignore
    arg [-plugin-opt=-pass-through=-lgcc_s] ==> ignore
    arg [-plugin-opt=-pass-through=-lgcc] ==> ignore
    arg [-plugin-opt=-pass-through=-lc] ==> ignore
    arg [-plugin-opt=-pass-through=-lgcc_s] ==> ignore
    arg [-plugin-opt=-pass-through=-lgcc] ==> ignore
    arg [--build-id] ==> ignore
    arg [--eh-frame-hdr] ==> ignore
    arg [-m] ==> ignore
    arg [elf_x86_64] ==> ignore
    arg [--hash-style=gnu] ==> ignore
    arg [--as-needed] ==> ignore
    arg [-dynamic-linker] ==> ignore
    arg [/lib64/ld-linux-x86-64.so.2] ==> ignore
    arg [-pie] ==> ignore
    arg [-znow] ==> ignore
    arg [-zrelro] ==> ignore
    arg [-o] ==> ignore
    arg [cmTC_fc442] ==> ignore
    arg [/usr/lib/gcc/x86_64-linux-gnu/9/../../../x86_64-linux-gnu/Scrt1.o] ==> ignore
    arg [/usr/lib/gcc/x86_64-linux-gnu/9/../../../x86_64-linux-gnu/crti.o] ==> ignore
    arg [/usr/lib/gcc/x86_64-linux-gnu/9/crtbeginS.o] ==> ignore
    arg [-L/usr/lib/gcc/x86_64-linux-gnu/9] ==> dir [/usr/lib/gcc/x86_64-linux-gnu/9]
    arg [-L/usr/lib/gcc/x86_64-linux-gnu/9/../../../x86_64-linux-gnu] ==> dir [/usr/lib/gcc/x86_64-linux-gnu/9/../../../x86_64-linux-gnu]
    arg [-L/usr/lib/gcc/x86_64-linux-gnu/9/../../../../lib] ==> dir [/usr/lib/gcc/x86_64-linux-gnu/9/../../../../lib]
    arg [-L/lib/x86_64-linux-gnu] ==> dir [/lib/x86_64-linux-gnu]
    arg [-L/lib/../lib] ==> dir [/lib/../lib]
    arg [-L/usr/lib/x86_64-linux-gnu] ==> dir [/usr/lib/x86_64-linux-gnu]
    arg [-L/usr/lib/../lib] ==> dir [/usr/lib/../lib]
    arg [-L/usr/lib/gcc/x86_64-linux-gnu/9/../../..] ==> dir [/usr/lib/gcc/x86_64-linux-gnu/9/../../..]
    arg [CMakeFiles/cmTC_fc442.dir/CMakeCXXCompilerABI.cpp.o] ==> ignore
    arg [-lstdc++] ==> lib [stdc++]
    arg [-lm] ==> lib [m]
    arg [-lgcc_s] ==> lib [gcc_s]
    arg [-lgcc] ==> lib [gcc]
    arg [-lc] ==> lib [c]
    arg [-lgcc_s] ==> lib [gcc_s]
    arg [-lgcc] ==> lib [gcc]
    arg [/usr/lib/gcc/x86_64-linux-gnu/9/crtendS.o] ==> ignore
    arg [/usr/lib/gcc/x86_64-linux-gnu/9/../../../x86_64-linux-gnu/crtn.o] ==> ignore
  collapse library dir [/usr/lib/gcc/x86_64-linux-gnu/9] ==> [/usr/lib/gcc/x86_64-linux-gnu/9]
  collapse library dir [/usr/lib/gcc/x86_64-linux-gnu/9/../../../x86_64-linux-gnu] ==> [/usr/lib/x86_64-linux-gnu]
  collapse library dir [/usr/lib/gcc/x86_64-linux-gnu/9/../../../../lib] ==> [/usr/lib]
  collapse library dir [/lib/x86_64-linux-gnu] ==> [/lib/x86_64-linux-gnu]
  collapse library dir [/lib/../lib] ==> [/lib]
  collapse library dir [/usr/lib/x86_64-linux-gnu] ==> [/usr/lib/x86_64-linux-gnu]
  collapse library dir [/usr/lib/../lib] ==> [/usr/lib]
  collapse library dir [/usr/lib/gcc/x86_64-linux-gnu/9/../../..] ==> [/usr/lib]
  implicit libs: [stdc++;m;gcc_s;gcc;c;gcc_s;gcc]
  implicit dirs: [/usr/lib/gcc/x86_64-linux-gnu/9;/usr/lib/x86_64-linux-gnu;/usr/lib;/lib/x86_64-linux-gnu;/lib]
  implicit fwks: []




Detecting CXX [-std=c++2a] compiler features compiled with the following output:
Change Dir: /home/genesys/Demo/Suyash_OTA_FL/gr-OTA_FL/build/CMakeFiles/CMakeTmp

Run Build Command:"/usr/bin/make" "cmTC_e22ca/fast"
/usr/bin/make -f CMakeFiles/cmTC_e22ca.dir/build.make CMakeFiles/cmTC_e22ca.dir/build
make[1]: Entering directory '/home/genesys/Demo/Suyash_OTA_FL/gr-OTA_FL/build/CMakeFiles/CMakeTmp'
Building CXX object CMakeFiles/cmTC_e22ca.dir/feature_tests.cxx.o
/usr/bin/c++    -std=c++2a -o CMakeFiles/cmTC_e22ca.dir/feature_tests.cxx.o -c /home/genesys/Demo/Suyash_OTA_FL/gr-OTA_FL/build/CMakeFiles/feature_tests.cxx
Linking CXX executable cmTC_e22ca
/usr/local/bin/cmake -E cmake_link_script CMakeFiles/cmTC_e22ca.dir/link.txt --verbose=1
/usr/bin/c++       CMakeFiles/cmTC_e22ca.dir/feature_tests.cxx.o  -o cmTC_e22ca 
make[1]: Leaving directory '/home/genesys/Demo/Suyash_OTA_FL/gr-OTA_FL/build/CMakeFiles/CMakeTmp'


    Feature record: CXX_FEATURE:1cxx_aggregate_default_initializers
    Feature record: CXX_FEATURE:1cxx_alias_templates
    Feature record: CXX_FEATURE:1cxx_alignas
    Feature record: CXX_FEATURE:1cxx_alignof
    Feature record: CXX_FEATURE:1cxx_attributes
    Feature record: CXX_FEATURE:1cxx_attribute_deprecated
    Feature record: CXX_FEATURE:1cxx_auto_type
    Feature record: CXX_FEATURE:1cxx_binary_literals
    Feature record: CXX_FEATURE:1cxx_constexpr
    Feature record: CXX_FEATURE:1cxx_contextual_conversions
    Feature record: CXX_FEATURE:1cxx_decltype
    Feature record: CXX_FEATURE:1cxx_decltype_auto
    Feature record: CXX_FEATURE:1cxx_decltype_incomplete_return_types
    Feature record: CXX_FEATURE:1cxx_default_function_template_args
    Feature record: CXX_FEATURE:1cxx_defaulted_functions
    Feature record: CXX_FEATURE:1cxx_defaulted_move_initializers
    Feature record: CXX_FEATURE:1cxx_delegating_constructors
    Feature record: CXX_FEATURE:1cxx_deleted_functions
    Feature record: CXX_FEATURE:1cxx_digit_separators
    Feature record: CXX_FEATURE:1cxx_enum_forward_declarations
    Feature record: CXX_FEATURE:1cxx_explicit_conversions
    Feature record: CXX_FEATURE:1cxx_extended_friend_declarations
    Feature record: CXX_FEATURE:1cxx_extern_templates
    Feature record: CXX_FEATURE:1cxx_final
    Feature record: CXX_FEATURE:1cxx_func_identifier
    Feature record: CXX_FEATURE:1cxx_generalized_initializers
    Feature record: CXX_FEATURE:1cxx_generic_lambdas
    Feature record: CXX_FEATURE:1cxx_inheriting_constructors
    Feature record: CXX_FEATURE:1cxx_inline_namespaces
    Feature record: CXX_FEATURE:1cxx_lambdas
    Feature record: CXX_FEATURE:1cxx_lambda_init_captures
    Feature record: CXX_FEATURE:1cxx_local_type_template_args
    Feature record: CXX_FEATURE:1cxx_long_long_type
    Feature record: CXX_FEATURE:1cxx_noexcept
    Feature record: CXX_FEATURE:1cxx_nonstatic_member_init
    Feature record: CXX_FEATURE:1cxx_nullptr
    Feature record: CXX_FEATURE:1cxx_override
    Feature record: CXX_FEATURE:1cxx_range_for
    Feature record: CXX_FEATURE:1cxx_raw_string_literals
    Feature record: CXX_FEATURE:1cxx_reference_qualified_functions
    Feature record: CXX_FEATURE:1cxx_relaxed_constexpr
    Feature record: CXX_FEATURE:1cxx_return_type_deduction
    Feature record: CXX_FEATURE:1cxx_right_angle_brackets
    Feature record: CXX_FEATURE:1cxx_rvalue_references
    Feature record: CXX_FEATURE:1cxx_sizeof_member
    Feature record: CXX_FEATURE:1cxx_static_assert
    Feature record: CXX_FEATURE:1cxx_strong_enums
    Feature record: CXX_FEATURE:1cxx_template_template_parameters
    Feature record: CXX_FEATURE:1cxx_thread_local
    Feature record: CXX_FEATURE:1cxx_trailing_return_types
    Feature record: CXX_FEATURE:1cxx_unicode_literals
    Feature record: CXX_FEATURE:1cxx_uniform_initialization
    Feature record: CXX_FEATURE:1cxx_unrestricted_unions
    Feature record: CXX_FEATURE:1cxx_user_literals
    Feature record: CXX_FEATURE:1cxx_variable_templates
    Feature record: CXX_FEATURE:1cxx_variadic_macros
    Feature record: CXX_FEATURE:1cxx_variadic_templates


Detecting CXX [-std=c++17] compiler features compiled with the following output:
Change Dir: /home/genesys/Demo/Suyash_OTA_FL/gr-OTA_FL/build/CMakeFiles/CMakeTmp

Run Build Command:"/usr/bin/make" "cmTC_09a77/fast"
/usr/bin/make -f CMakeFiles/cmTC_09a77.dir/build.make CMakeFiles/cmTC_09a77.dir/build
make[1]: Entering directory '/home/genesys/Demo/Suyash_OTA_FL/gr-OTA_FL/build/CMakeFiles/CMakeTmp'
Building CXX object CMakeFiles/cmTC_09a77.dir/feature_tests.cxx.o
/usr/bin/c++    -std=c++17 -o CMakeFiles/cmTC_09a77.dir/feature_tests.cxx.o -c /home/genesys/Demo/Suyash_OTA_FL/gr-OTA_FL/build/CMakeFiles/feature_tests.cxx
Linking CXX executable cmTC_09a77
/usr/local/bin/cmake -E cmake_link_script CMakeFiles/cmTC_09a77.dir/link.txt --verbose=1
/usr/bin/c++       CMakeFiles/cmTC_09a77.dir/feature_tests.cxx.o  -o cmTC_09a77 
make[1]: Leaving directory '/home/genesys/Demo/Suyash_OTA_FL/gr-OTA_FL/build/CMakeFiles/CMakeTmp'


    Feature record: CXX_FEATURE:1cxx_aggregate_default_initializers
    Feature record: CXX_FEATURE:1cxx_alias_templates
    Feature record: CXX_FEATURE:1cxx_alignas
    Feature record: CXX_FEATURE:1cxx_alignof
    Feature record: CXX_FEATURE:1cxx_attributes
    Feature record: CXX_FEATURE:1cxx_attribute_deprecated
    Feature record: CXX_FEATURE:1cxx_auto_type
    Feature record: CXX_FEATURE:1cxx_binary_literals
    Feature record: CXX_FEATURE:1cxx_constexpr
    Feature record: CXX_FEATURE:1cxx_contextual_conversions
    Feature record: CXX_FEATURE:1cxx_decltype
    Feature record: CXX_FEATURE:1cxx_decltype_auto
    Feature record: CXX_FEATURE:1cxx_decltype_incomplete_return_types
    Feature record: CXX_FEATURE:1cxx_default_function_template_args
    Feature record: CXX_FEATURE:1cxx_defaulted_functions
    Feature record: CXX_FEATURE:1cxx_defaulted_move_initializers
    Feature record: CXX_FEATURE:1cxx_delegating_constructors
    Feature record: CXX_FEATURE:1cxx_deleted_functions
    Feature record: CXX_FEATURE:1cxx_digit_separators
    Feature record: CXX_FEATURE:1cxx_enum_forward_declarations
    Feature record: CXX_FEATURE:1cxx_explicit_conversions
    Feature record: CXX_FEATURE:1cxx_extended_friend_declarations
    Feature record: CXX_FEATURE:1cxx_extern_templates
    Feature record: CXX_FEATURE:1cxx_final
    Feature record: CXX_FEATURE:1cxx_func_identifier
    Feature record: CXX_FEATURE:1cxx_generalized_initializers
    Feature record: CXX_FEATURE:1cxx_generic_lambdas
    Feature record: CXX_FEATURE:1cxx_inheriting_constructors
    Feature record: CXX_FEATURE:1cxx_inline_namespaces
    Feature record: CXX_FEATURE:1cxx_lambdas
    Feature record: CXX_FEATURE:1cxx_lambda_init_captures
    Feature record: CXX_FEATURE:1cxx_local_type_template_args
    Feature record: CXX_FEATURE:1cxx_long_long_type
    Feature record: CXX_FEATURE:1cxx_noexcept
    Feature record: CXX_FEATURE:1cxx_nonstatic_member_init
    Feature record: CXX_FEATURE:1cxx_nullptr
    Feature record: CXX_FEATURE:1cxx_override
    Feature record: CXX_FEATURE:1cxx_range_for
    Feature record: CXX_FEATURE:1cxx_raw_string_literals
    Feature record: CXX_FEATURE:1cxx_reference_qualified_functions
    Feature record: CXX_FEATURE:1cxx_relaxed_constexpr
    Feature record: CXX_FEATURE:1cxx_return_type_deduction
    Feature record: CXX_FEATURE:1cxx_right_angle_brackets
    Feature record: CXX_FEATURE:1cxx_rvalue_references
    Feature record: CXX_FEATURE:1cxx_sizeof_member
    Feature record: CXX_FEATURE:1cxx_static_assert
    Feature record: CXX_FEATURE:1cxx_strong_enums
    Feature record: CXX_FEATURE:1cxx_template_template_parameters
    Feature record: CXX_FEATURE:1cxx_thread_local
    Feature record: CXX_FEATURE:1cxx_trailing_return_types
    Feature record: CXX_FEATURE:1cxx_unicode_literals
    Feature record: CXX_FEATURE:1cxx_uniform_initialization
    Feature record: CXX_FEATURE:1cxx_unrestricted_unions
    Feature record: CXX_FEATURE:1cxx_user_literals
    Feature record: CXX_FEATURE:1cxx_variable_templates
    Feature record: CXX_FEATURE:1cxx_variadic_macros
    Feature record: CXX_FEATURE:1cxx_variadic_templates


Detecting CXX [-std=c++14] compiler features compiled with the following output:
Change Dir: /home/genesys/Demo/Suyash_OTA_FL/gr-OTA_FL/build/CMakeFiles/CMakeTmp

Run Build Command:"/usr/bin/make" "cmTC_7e2be/fast"
/usr/bin/make -f CMakeFiles/cmTC_7e2be.dir/build.make CMakeFiles/cmTC_7e2be.dir/build
make[1]: Entering directory '/home/genesys/Demo/Suyash_OTA_FL/gr-OTA_FL/build/CMakeFiles/CMakeTmp'
Building CXX object CMakeFiles/cmTC_7e2be.dir/feature_tests.cxx.o
/usr/bin/c++    -std=c++14 -o CMakeFiles/cmTC_7e2be.dir/feature_tests.cxx.o -c /home/genesys/Demo/Suyash_OTA_FL/gr-OTA_FL/build/CMakeFiles/feature_tests.cxx
Linking CXX executable cmTC_7e2be
/usr/local/bin/cmake -E cmake_link_script CMakeFiles/cmTC_7e2be.dir/link.txt --verbose=1
/usr/bin/c++       CMakeFiles/cmTC_7e2be.dir/feature_tests.cxx.o  -o cmTC_7e2be 
make[1]: Leaving directory '/home/genesys/Demo/Suyash_OTA_FL/gr-OTA_FL/build/CMakeFiles/CMakeTmp'


    Feature record: CXX_FEATURE:1cxx_aggregate_default_initializers
    Feature record: CXX_FEATURE:1cxx_alias_templates
    Feature record: CXX_FEATURE:1cxx_alignas
    Feature record: CXX_FEATURE:1cxx_alignof
    Feature record: CXX_FEATURE:1cxx_attributes
    Feature record: CXX_FEATURE:1cxx_attribute_deprecated
    Feature record: CXX_FEATURE:1cxx_auto_type
    Feature record: CXX_FEATURE:1cxx_binary_literals
    Feature record: CXX_FEATURE:1cxx_constexpr
    Feature record: CXX_FEATURE:1cxx_contextual_conversions
    Feature record: CXX_FEATURE:1cxx_decltype
    Feature record: CXX_FEATURE:1cxx_decltype_auto
    Feature record: CXX_FEATURE:1cxx_decltype_incomplete_return_types
    Feature record: CXX_FEATURE:1cxx_default_function_template_args
    Feature record: CXX_FEATURE:1cxx_defaulted_functions
    Feature record: CXX_FEATURE:1cxx_defaulted_move_initializers
    Feature record: CXX_FEATURE:1cxx_delegating_constructors
    Feature record: CXX_FEATURE:1cxx_deleted_functions
    Feature record: CXX_FEATURE:1cxx_digit_separators
    Feature record: CXX_FEATURE:1cxx_enum_forward_declarations
    Feature record: CXX_FEATURE:1cxx_explicit_conversions
    Feature record: CXX_FEATURE:1cxx_extended_friend_declarations
    Feature record: CXX_FEATURE:1cxx_extern_templates
    Feature record: CXX_FEATURE:1cxx_final
    Feature record: CXX_FEATURE:1cxx_func_identifier
    Feature record: CXX_FEATURE:1cxx_generalized_initializers
    Feature record: CXX_FEATURE:1cxx_generic_lambdas
    Feature record: CXX_FEATURE:1cxx_inheriting_constructors
    Feature record: CXX_FEATURE:1cxx_inline_namespaces
    Feature record: CXX_FEATURE:1cxx_lambdas
    Feature record: CXX_FEATURE:1cxx_lambda_init_captures
    Feature record: CXX_FEATURE:1cxx_local_type_template_args
    Feature record: CXX_FEATURE:1cxx_long_long_type
    Feature record: CXX_FEATURE:1cxx_noexcept
    Feature record: CXX_FEATURE:1cxx_nonstatic_member_init
    Feature record: CXX_FEATURE:1cxx_nullptr
    Feature record: CXX_FEATURE:1cxx_override
    Feature record: CXX_FEATURE:1cxx_range_for
    Feature record: CXX_FEATURE:1cxx_raw_string_literals
    Feature record: CXX_FEATURE:1cxx_reference_qualified_functions
    Feature record: CXX_FEATURE:1cxx_relaxed_constexpr
    Feature record: CXX_FEATURE:1cxx_return_type_deduction
    Feature record: CXX_FEATURE:1cxx_right_angle_brackets
    Feature record: CXX_FEATURE:1cxx_rvalue_references
    Feature record: CXX_FEATURE:1cxx_sizeof_member
    Feature record: CXX_FEATURE:1cxx_static_assert
    Feature record: CXX_FEATURE:1cxx_strong_enums
    Feature record: CXX_FEATURE:1cxx_template_template_parameters
    Feature record: CXX_FEATURE:1cxx_thread_local
    Feature record: CXX_FEATURE:1cxx_trailing_return_types
    Feature record: CXX_FEATURE:1cxx_unicode_literals
    Feature record: CXX_FEATURE:1cxx_uniform_initialization
    Feature record: CXX_FEATURE:1cxx_unrestricted_unions
    Feature record: CXX_FEATURE:1cxx_user_literals
    Feature record: CXX_FEATURE:1cxx_variable_templates
    Feature record: CXX_FEATURE:1cxx_variadic_macros
    Feature record: CXX_FEATURE:1cxx_variadic_templates


Detecting CXX [-std=c++11] compiler features compiled with the following output:
Change Dir: /home/genesys/Demo/Suyash_OTA_FL/gr-OTA_FL/build/CMakeFiles/CMakeTmp

Run Build Command:"/usr/bin/make" "cmTC_69cbe/fast"
/usr/bin/make -f CMakeFiles/cmTC_69cbe.dir/build.make CMakeFiles/cmTC_69cbe.dir/build
make[1]: Entering directory '/home/genesys/Demo/Suyash_OTA_FL/gr-OTA_FL/build/CMakeFiles/CMakeTmp'
Building CXX object CMakeFiles/cmTC_69cbe.dir/feature_tests.cxx.o
/usr/bin/c++    -std=c++11 -o CMakeFiles/cmTC_69cbe.dir/feature_tests.cxx.o -c /home/genesys/Demo/Suyash_OTA_FL/gr-OTA_FL/build/CMakeFiles/feature_tests.cxx
Linking CXX executable cmTC_69cbe
/usr/local/bin/cmake -E cmake_link_script CMakeFiles/cmTC_69cbe.dir/link.txt --verbose=1
/usr/bin/c++       CMakeFiles/cmTC_69cbe.dir/feature_tests.cxx.o  -o cmTC_69cbe 
make[1]: Leaving directory '/home/genesys/Demo/Suyash_OTA_FL/gr-OTA_FL/build/CMakeFiles/CMakeTmp'


    Feature record: CXX_FEATURE:0cxx_aggregate_default_initializers
    Feature record: CXX_FEATURE:1cxx_alias_templates
    Feature record: CXX_FEATURE:1cxx_alignas
    Feature record: CXX_FEATURE:1cxx_alignof
    Feature record: CXX_FEATURE:1cxx_attributes
    Feature record: CXX_FEATURE:0cxx_attribute_deprecated
    Feature record: CXX_FEATURE:1cxx_auto_type
    Feature record: CXX_FEATURE:0cxx_binary_literals
    Feature record: CXX_FEATURE:1cxx_constexpr
    Feature record: CXX_FEATURE:0cxx_contextual_conversions
    Feature record: CXX_FEATURE:1cxx_decltype
    Feature record: CXX_FEATURE:0cxx_decltype_auto
    Feature record: CXX_FEATURE:1cxx_decltype_incomplete_return_types
    Feature record: CXX_FEATURE:1cxx_default_function_template_args
    Feature record: CXX_FEATURE:1cxx_defaulted_functions
    Feature record: CXX_FEATURE:1cxx_defaulted_move_initializers
    Feature record: CXX_FEATURE:1cxx_delegating_constructors
    Feature record: CXX_FEATURE:1cxx_deleted_functions
    Feature record: CXX_FEATURE:0cxx_digit_separators
    Feature record: CXX_FEATURE:1cxx_enum_forward_declarations
    Feature record: CXX_FEATURE:1cxx_explicit_conversions
    Feature record: CXX_FEATURE:1cxx_extended_friend_declarations
    Feature record: CXX_FEATURE:1cxx_extern_templates
    Feature record: CXX_FEATURE:1cxx_final
    Feature record: CXX_FEATURE:1cxx_func_identifier
    Feature record: CXX_FEATURE:1cxx_generalized_initializers
    Feature record: CXX_FEATURE:0cxx_generic_lambdas
    Feature record: CXX_FEATURE:1cxx_inheriting_constructors
    Feature record: CXX_FEATURE:1cxx_inline_namespaces
    Feature record: CXX_FEATURE:1cxx_lambdas
    Feature record: CXX_FEATURE:0cxx_lambda_init_captures
    Feature record: CXX_FEATURE:1cxx_local_type_template_args
    Feature record: CXX_FEATURE:1cxx_long_long_type
    Feature record: CXX_FEATURE:1cxx_noexcept
    Feature record: CXX_FEATURE:1cxx_nonstatic_member_init
    Feature record: CXX_FEATURE:1cxx_nullptr
    Feature record: CXX_FEATURE:1cxx_override
    Feature record: CXX_FEATURE:1cxx_range_for
    Feature record: CXX_FEATURE:1cxx_raw_string_literals
    Feature record: CXX_FEATURE:1cxx_reference_qualified_functions
    Feature record: CXX_FEATURE:0cxx_relaxed_constexpr
    Feature record: CXX_FEATURE:0cxx_return_type_deduction
    Feature record: CXX_FEATURE:1cxx_right_angle_brackets
    Feature record: CXX_FEATURE:1cxx_rvalue_references
    Feature record: CXX_FEATURE:1cxx_sizeof_member
    Feature record: CXX_FEATURE:1cxx_static_assert
    Feature record: CXX_FEATURE:1cxx_strong_enums
    Feature record: CXX_FEATURE:1cxx_template_template_parameters
    Feature record: CXX_FEATURE:1cxx_thread_local
    Feature record: CXX_FEATURE:1cxx_trailing_return_types
    Feature record: CXX_FEATURE:1cxx_unicode_literals
    Feature record: CXX_FEATURE:1cxx_uniform_initialization
    Feature record: CXX_FEATURE:1cxx_unrestricted_unions
    Feature record: CXX_FEATURE:1cxx_user_literals
    Feature record: CXX_FEATURE:0cxx_variable_templates
    Feature record: CXX_FEATURE:1cxx_variadic_macros
    Feature record: CXX_FEATURE:1cxx_variadic_templates


Detecting CXX [-std=c++98] compiler features compiled with the following output:
Change Dir: /home/genesys/Demo/Suyash_OTA_FL/gr-OTA_FL/build/CMakeFiles/CMakeTmp

Run Build Command:"/usr/bin/make" "cmTC_308ed/fast"
/usr/bin/make -f CMakeFiles/cmTC_308ed.dir/build.make CMakeFiles/cmTC_308ed.dir/build
make[1]: Entering directory '/home/genesys/Demo/Suyash_OTA_FL/gr-OTA_FL/build/CMakeFiles/CMakeTmp'
Building CXX object CMakeFiles/cmTC_308ed.dir/feature_tests.cxx.o
/usr/bin/c++    -std=c++98 -o CMakeFiles/cmTC_308ed.dir/feature_tests.cxx.o -c /home/genesys/Demo/Suyash_OTA_FL/gr-OTA_FL/build/CMakeFiles/feature_tests.cxx
Linking CXX executable cmTC_308ed
/usr/local/bin/cmake -E cmake_link_script CMakeFiles/cmTC_308ed.dir/link.txt --verbose=1
/usr/bin/c++       CMakeFiles/cmTC_308ed.dir/feature_tests.cxx.o  -o cmTC_308ed 
make[1]: Leaving directory '/home/genesys/Demo/Suyash_OTA_FL/gr-OTA_FL/build/CMakeFiles/CMakeTmp'


    Feature record: CXX_FEATURE:0cxx_aggregate_default_initializers
    Feature record: CXX_FEATURE:0cxx_alias_templates
    Feature record: CXX_FEATURE:0cxx_alignas
    Feature record: CXX_FEATURE:0cxx_alignof
    Feature record: CXX_FEATURE:0cxx_attributes
    Feature record: CXX_FEATURE:0cxx_attribute_deprecated
    Feature record: CXX_FEATURE:0cxx_auto_type
    Feature record: CXX_FEATURE:0cxx_binary_literals
    Feature record: CXX_FEATURE:0cxx_constexpr
    Feature record: CXX_FEATURE:0cxx_contextual_conversions
    Feature record: CXX_FEATURE:0cxx_decltype
    Feature record: CXX_FEATURE:0cxx_decltype_auto
    Feature record: CXX_FEATURE:0cxx_decltype_incomplete_return_types
    Feature record: CXX_FEATURE:0cxx_default_function_template_args
    Feature record: CXX_FEATURE:0cxx_defaulted_functions
    Feature record: CXX_FEATURE:0cxx_defaulted_move_initializers
    Feature record: CXX_FEATURE:0cxx_delegating_constructors
    Feature record: CXX_FEATURE:0cxx_deleted_functions
    Feature record: CXX_FEATURE:0cxx_digit_separators
    Feature record: CXX_FEATURE:0cxx_enum_forward_declarations
    Feature record: CXX_FEATURE:0cxx_explicit_conversions
    Feature record: CXX_FEATURE:0cxx_extended_friend_declarations
    Feature record: CXX_FEATURE:0cxx_extern_templates
    Feature record: CXX_FEATURE:0cxx_final
    Feature record: CXX_FEATURE:0cxx_func_identifier
    Feature record: CXX_FEATURE:0cxx_generalized_initializers
    Feature record: CXX_FEATURE:0cxx_generic_lambdas
    Feature record: CXX_FEATURE:0cxx_inheriting_constructors
    Feature record: CXX_FEATURE:0cxx_inline_namespaces
    Feature record: CXX_FEATURE:0cxx_lambdas
    Feature record: CXX_FEATURE:0cxx_lambda_init_captures
    Feature record: CXX_FEATURE:0cxx_local_type_template_args
    Feature record: CXX_FEATURE:0cxx_long_long_type
    Feature record: CXX_FEATURE:0cxx_noexcept
    Feature record: CXX_FEATURE:0cxx_nonstatic_member_init
    Feature record: CXX_FEATURE:0cxx_nullptr
    Feature record: CXX_FEATURE:0cxx_override
    Feature record: CXX_FEATURE:0cxx_range_for
    Feature record: CXX_FEATURE:0cxx_raw_string_literals
    Feature record: CXX_FEATURE:0cxx_reference_qualified_functions
    Feature record: CXX_FEATURE:0cxx_relaxed_constexpr
    Feature record: CXX_FEATURE:0cxx_return_type_deduction
    Feature record: CXX_FEATURE:0cxx_right_angle_brackets
    Feature record: CXX_FEATURE:0cxx_rvalue_references
    Feature record: CXX_FEATURE:0cxx_sizeof_member
    Feature record: CXX_FEATURE:0cxx_static_assert
    Feature record: CXX_FEATURE:0cxx_strong_enums
    Feature record: CXX_FEATURE:1cxx_template_template_parameters
    Feature record: CXX_FEATURE:0cxx_thread_local
    Feature record: CXX_FEATURE:0cxx_trailing_return_types
    Feature record: CXX_FEATURE:0cxx_unicode_literals
    Feature record: CXX_FEATURE:0cxx_uniform_initialization
    Feature record: CXX_FEATURE:0cxx_unrestricted_unions
    Feature record: CXX_FEATURE:0cxx_user_literals
    Feature record: CXX_FEATURE:0cxx_variable_templates
    Feature record: CXX_FEATURE:0cxx_variadic_macros
    Feature record: CXX_FEATURE:0cxx_variadic_templates
Determining if the C compiler works passed with the following output:
Change Dir: /home/genesys/Demo/Suyash_OTA_FL/gr-OTA_FL/build/CMakeFiles/CMakeTmp

Run Build Command:"/usr/bin/make" "cmTC_03fce/fast"
/usr/bin/make -f CMakeFiles/cmTC_03fce.dir/build.make CMakeFiles/cmTC_03fce.dir/build
make[1]: Entering directory '/home/genesys/Demo/Suyash_OTA_FL/gr-OTA_FL/build/CMakeFiles/CMakeTmp'
Building C object CMakeFiles/cmTC_03fce.dir/testCCompiler.c.o
/usr/bin/cc    -o CMakeFiles/cmTC_03fce.dir/testCCompiler.c.o   -c /home/genesys/Demo/Suyash_OTA_FL/gr-OTA_FL/build/CMakeFiles/CMakeTmp/testCCompiler.c
Linking C executable cmTC_03fce
/usr/local/bin/cmake -E cmake_link_script CMakeFiles/cmTC_03fce.dir/link.txt --verbose=1
/usr/bin/cc      CMakeFiles/cmTC_03fce.dir/testCCompiler.c.o  -o cmTC_03fce 
make[1]: Leaving directory '/home/genesys/Demo/Suyash_OTA_FL/gr-OTA_FL/build/CMakeFiles/CMakeTmp'


Detecting C compiler ABI info compiled with the following output:
Change Dir: /home/genesys/Demo/Suyash_OTA_FL/gr-OTA_FL/build/CMakeFiles/CMakeTmp

Run Build Command:"/usr/bin/make" "cmTC_bd8ec/fast"
/usr/bin/make -f CMakeFiles/cmTC_bd8ec.dir/build.make CMakeFiles/cmTC_bd8ec.dir/build
make[1]: Entering directory '/home/genesys/Demo/Suyash_OTA_FL/gr-OTA_FL/build/CMakeFiles/CMakeTmp'
Building C object CMakeFiles/cmTC_bd8ec.dir/CMakeCCompilerABI.c.o
/usr/bin/cc    -o CMakeFiles/cmTC_bd8ec.dir/CMakeCCompilerABI.c.o   -c /usr/local/share/cmake-3.13/Modules/CMakeCCompilerABI.c
Linking C executable cmTC_bd8ec
/usr/local/bin/cmake -E cmake_link_script CMakeFiles/cmTC_bd8ec.dir/link.txt --verbose=1
/usr/bin/cc     -v CMakeFiles/cmTC_bd8ec.dir/CMakeCCompilerABI.c.o  -o cmTC_bd8ec 
Using built-in specs.
COLLECT_GCC=/usr/bin/cc
COLLECT_LTO_WRAPPER=/usr/lib/gcc/x86_64-linux-gnu/9/lto-wrapper
OFFLOAD_TARGET_NAMES=nvptx-none:hsa
OFFLOAD_TARGET_DEFAULT=1
Target: x86_64-linux-gnu
Configured with: ../src/configure -v --with-pkgversion='Ubuntu 9.4.0-1ubuntu1~20.04.2' --with-bugurl=file:///usr/share/doc/gcc-9/README.Bugs --enable-languages=c,ada,c++,go,brig,d,fortran,objc,obj-c++,gm2 --prefix=/usr --with-gcc-major-version-only --program-suffix=-9 --program-prefix=x86_64-linux-gnu- --enable-shared --enable-linker-build-id --libexecdir=/usr/lib --without-included-gettext --enable-threads=posix --libdir=/usr/lib --enable-nls --enable-clocale=gnu --enable-libstdcxx-debug --enable-libstdcxx-time=yes --with-default-libstdcxx-abi=new --enable-gnu-unique-object --disable-vtable-verify --enable-plugin --enable-default-pie --with-system-zlib --with-target-system-zlib=auto --enable-objc-gc=auto --enable-multiarch --disable-werror --with-arch-32=i686 --with-abi=m64 --with-multilib-list=m32,m64,mx32 --enable-multilib --with-tune=generic --enable-offload-targets=nvptx-none=/build/gcc-9-9QDOt0/gcc-9-9.4.0/debian/tmp-nvptx/usr,hsa --without-cuda-driver --enable-checking=release --build=x86_64-linux-gnu --host=x86_64-linux-gnu --target=x86_64-linux-gnu
Thread model: posix
gcc version 9.4.0 (Ubuntu 9.4.0-1ubuntu1~20.04.2) 
COMPILER_PATH=/usr/lib/gcc/x86_64-linux-gnu/9/:/usr/lib/gcc/x86_64-linux-gnu/9/:/usr/lib/gcc/x86_64-linux-gnu/:/usr/lib/gcc/x86_64-linux-gnu/9/:/usr/lib/gcc/x86_64-linux-gnu/
LIBRARY_PATH=/usr/lib/gcc/x86_64-linux-gnu/9/:/usr/lib/gcc/x86_64-linux-gnu/9/../../../x86_64-linux-gnu/:/usr/lib/gcc/x86_64-linux-gnu/9/../../../../lib/:/lib/x86_64-linux-gnu/:/lib/../lib/:/usr/lib/x86_64-linux-gnu/:/usr/lib/../lib/:/usr/lib/gcc/x86_64-linux-gnu/9/../../../:/lib/:/usr/lib/
COLLECT_GCC_OPTIONS='-v' '-o' 'cmTC_bd8ec' '-mtune=generic' '-march=x86-64'
 /usr/lib/gcc/x86_64-linux-gnu/9/collect2 -plugin /usr/lib/gcc/x86_64-linux-gnu/9/liblto_plugin.so -plugin-opt=/usr/lib/gcc/x86_64-linux-gnu/9/lto-wrapper -plugin-opt=-fresolution=/tmp/ccBPBuur.res -plugin-opt=-pass-through=-lgcc -plugin-opt=-pass-through=-lgcc_s -plugin-opt=-pass-through=-lc -plugin-opt=-pass-through=-lgcc -plugin-opt=-pass-through=-lgcc_s --build-id --eh-frame-hdr -m elf_x86_64 --hash-style=gnu --as-needed -dynamic-linker /lib64/ld-linux-x86-64.so.2 -pie -z now -z relro -o cmTC_bd8ec /usr/lib/gcc/x86_64-linux-gnu/9/../../../x86_64-linux-gnu/Scrt1.o /usr/lib/gcc/x86_64-linux-gnu/9/../../../x86_64-linux-gnu/crti.o /usr/lib/gcc/x86_64-linux-gnu/9/crtbeginS.o -L/usr/lib/gcc/x86_64-linux-gnu/9 -L/usr/lib/gcc/x86_64-linux-gnu/9/../../../x86_64-linux-gnu -L/usr/lib/gcc/x86_64-linux-gnu/9/../../../../lib -L/lib/x86_64-linux-gnu -L/lib/../lib -L/usr/lib/x86_64-linux-gnu -L/usr/lib/../lib -L/usr/lib/gcc/x86_64-linux-gnu/9/../../.. CMakeFiles/cmTC_bd8ec.dir/CMakeCCompilerABI.c.o -lgcc --push-state --as-needed -lgcc_s --pop-state -lc -lgcc --push-state --as-needed -lgcc_s --pop-state /usr/lib/gcc/x86_64-linux-gnu/9/crtendS.o /usr/lib/gcc/x86_64-linux-gnu/9/../../../x86_64-linux-gnu/crtn.o
COLLECT_GCC_OPTIONS='-v' '-o' 'cmTC_bd8ec' '-mtune=generic' '-march=x86-64'
make[1]: Leaving directory '/home/genesys/Demo/Suyash_OTA_FL/gr-OTA_FL/build/CMakeFiles/CMakeTmp'


Parsed C implicit link information from above output:
  link line regex: [^( *|.*[/\])(ld|CMAKE_LINK_STARTFILE-NOTFOUND|([^/\]+-)?ld|collect2)[^/\]*( |$)]
  ignore line: [Change Dir: /home/genesys/Demo/Suyash_OTA_FL/gr-OTA_FL/build/CMakeFiles/CMakeTmp]
  ignore line: []
  ignore line: [Run Build Command:"/usr/bin/make" "cmTC_bd8ec/fast"]
  ignore line: [/usr/bin/make -f CMakeFiles/cmTC_bd8ec.dir/build.make CMakeFiles/cmTC_bd8ec.dir/build]
  ignore line: [make[1]: Entering directory '/home/genesys/Demo/Suyash_OTA_FL/gr-OTA_FL/build/CMakeFiles/CMakeTmp']
  ignore line: [Building C object CMakeFiles/cmTC_bd8ec.dir/CMakeCCompilerABI.c.o]
  ignore line: [/usr/bin/cc    -o CMakeFiles/cmTC_bd8ec.dir/CMakeCCompilerABI.c.o   -c /usr/local/share/cmake-3.13/Modules/CMakeCCompilerABI.c]
  ignore line: [Linking C executable cmTC_bd8ec]
  ignore line: [/usr/local/bin/cmake -E cmake_link_script CMakeFiles/cmTC_bd8ec.dir/link.txt --verbose=1]
  ignore line: [/usr/bin/cc     -v CMakeFiles/cmTC_bd8ec.dir/CMakeCCompilerABI.c.o  -o cmTC_bd8ec ]
  ignore line: [Using built-in specs.]
  ignore line: [COLLECT_GCC=/usr/bin/cc]
  ignore line: [COLLECT_LTO_WRAPPER=/usr/lib/gcc/x86_64-linux-gnu/9/lto-wrapper]
  ignore line: [OFFLOAD_TARGET_NAMES=nvptx-none:hsa]
  ignore line: [OFFLOAD_TARGET_DEFAULT=1]
  ignore line: [Target: x86_64-linux-gnu]
  ignore line: [Configured with: ../src/configure -v --with-pkgversion='Ubuntu 9.4.0-1ubuntu1~20.04.2' --with-bugurl=file:///usr/share/doc/gcc-9/README.Bugs --enable-languages=c,ada,c++,go,brig,d,fortran,objc,obj-c++,gm2 --prefix=/usr --with-gcc-major-version-only --program-suffix=-9 --program-prefix=x86_64-linux-gnu- --enable-shared --enable-linker-build-id --libexecdir=/usr/lib --without-included-gettext --enable-threads=posix --libdir=/usr/lib --enable-nls --enable-clocale=gnu --enable-libstdcxx-debug --enable-libstdcxx-time=yes --with-default-libstdcxx-abi=new --enable-gnu-unique-object --disable-vtable-verify --enable-plugin --enable-default-pie --with-system-zlib --with-target-system-zlib=auto --enable-objc-gc=auto --enable-multiarch --disable-werror --with-arch-32=i686 --with-abi=m64 --with-multilib-list=m32,m64,mx32 --enable-multilib --with-tune=generic --enable-offload-targets=nvptx-none=/build/gcc-9-9QDOt0/gcc-9-9.4.0/debian/tmp-nvptx/usr,hsa --without-cuda-driver --enable-checking=release --build=x86_64-linux-gnu --host=x86_64-linux-gnu --target=x86_64-linux-gnu]
  ignore line: [Thread model: posix]
  ignore line: [gcc version 9.4.0 (Ubuntu 9.4.0-1ubuntu1~20.04.2) ]
  ignore line: [COMPILER_PATH=/usr/lib/gcc/x86_64-linux-gnu/9/:/usr/lib/gcc/x86_64-linux-gnu/9/:/usr/lib/gcc/x86_64-linux-gnu/:/usr/lib/gcc/x86_64-linux-gnu/9/:/usr/lib/gcc/x86_64-linux-gnu/]
  ignore line: [LIBRARY_PATH=/usr/lib/gcc/x86_64-linux-gnu/9/:/usr/lib/gcc/x86_64-linux-gnu/9/../../../x86_64-linux-gnu/:/usr/lib/gcc/x86_64-linux-gnu/9/../../../../lib/:/lib/x86_64-linux-gnu/:/lib/../lib/:/usr/lib/x86_64-linux-gnu/:/usr/lib/../lib/:/usr/lib/gcc/x86_64-linux-gnu/9/../../../:/lib/:/usr/lib/]
  ignore line: [COLLECT_GCC_OPTIONS='-v' '-o' 'cmTC_bd8ec' '-mtune=generic' '-march=x86-64']
  link line: [ /usr/lib/gcc/x86_64-linux-gnu/9/collect2 -plugin /usr/lib/gcc/x86_64-linux-gnu/9/liblto_plugin.so -plugin-opt=/usr/lib/gcc/x86_64-linux-gnu/9/lto-wrapper -plugin-opt=-fresolution=/tmp/ccBPBuur.res -plugin-opt=-pass-through=-lgcc -plugin-opt=-pass-through=-lgcc_s -plugin-opt=-pass-through=-lc -plugin-opt=-pass-through=-lgcc -plugin-opt=-pass-through=-lgcc_s --build-id --eh-frame-hdr -m elf_x86_64 --hash-style=gnu --as-needed -dynamic-linker /lib64/ld-linux-x86-64.so.2 -pie -z now -z relro -o cmTC_bd8ec /usr/lib/gcc/x86_64-linux-gnu/9/../../../x86_64-linux-gnu/Scrt1.o /usr/lib/gcc/x86_64-linux-gnu/9/../../../x86_64-linux-gnu/crti.o /usr/lib/gcc/x86_64-linux-gnu/9/crtbeginS.o -L/usr/lib/gcc/x86_64-linux-gnu/9 -L/usr/lib/gcc/x86_64-linux-gnu/9/../../../x86_64-linux-gnu -L/usr/lib/gcc/x86_64-linux-gnu/9/../../../../lib -L/lib/x86_64-linux-gnu -L/lib/../lib -L/usr/lib/x86_64-linux-gnu -L/usr/lib/../lib -L/usr/lib/gcc/x86_64-linux-gnu/9/../../.. CMakeFiles/cmTC_bd8ec.dir/CMakeCCompilerABI.c.o -lgcc --push-state --as-needed -lgcc_s --pop-state -lc -lgcc --push-state --as-needed -lgcc_s --pop-state /usr/lib/gcc/x86_64-linux-gnu/9/crtendS.o /usr/lib/gcc/x86_64-linux-gnu/9/../../../x86_64-linux-gnu/crtn.o]
    arg [/usr/lib/gcc/x86_64-linux-gnu/9/collect2] ==> ignore
    arg [-plugin] ==> ignore
    arg [/usr/lib/gcc/x86_64-linux-gnu/9/liblto_plugin.so] ==> ignore
    arg [-plugin-opt=/usr/lib/gcc/x86_64-linux-gnu/9/lto-wrapper] ==> ignore
    arg [-plugin-opt=-fresolution=/tmp/ccBPBuur.res] ==> ignore
    arg [-plugin-opt=-pass-through=-lgcc] ==> ignore
    arg [-plugin-opt=-pass-through=-lgcc_s] ==> ignore
    arg [-plugin-opt=-pass-through=-lc] ==> ignore
    arg [-plugin-opt=-pass-through=-lgcc] ==> ignore
    arg [-plugin-opt=-pass-through=-lgcc_s] ==> ignore
    arg [--build-id] ==> ignore
    arg [--eh-frame-hdr] ==> ignore
    arg [-m] ==> ignore
    arg [elf_x86_64] ==> ignore
    arg [--hash-style=gnu] ==> ignore
    arg [--as-needed] ==> ignore
    arg [-dynamic-linker] ==> ignore
    arg [/lib64/ld-linux-x86-64.so.2] ==> ignore
    arg [-pie] ==> ignore
    arg [-znow] ==> ignore
    arg [-zrelro] ==> ignore
    arg [-o] ==> ignore
    arg [cmTC_bd8ec] ==> ignore
    arg [/usr/lib/gcc/x86_64-linux-gnu/9/../../../x86_64-linux-gnu/Scrt1.o] ==> ignore
    arg [/usr/lib/gcc/x86_64-linux-gnu/9/../../../x86_64-linux-gnu/crti.o] ==> ignore
    arg [/usr/lib/gcc/x86_64-linux-gnu/9/crtbeginS.o] ==> ignore
    arg [-L/usr/lib/gcc/x86_64-linux-gnu/9] ==> dir [/usr/lib/gcc/x86_64-linux-gnu/9]
    arg [-L/usr/lib/gcc/x86_64-linux-gnu/9/../../../x86_64-linux-gnu] ==> dir [/usr/lib/gcc/x86_64-linux-gnu/9/../../../x86_64-linux-gnu]
    arg [-L/usr/lib/gcc/x86_64-linux-gnu/9/../../../../lib] ==> dir [/usr/lib/gcc/x86_64-linux-gnu/9/../../../../lib]
    arg [-L/lib/x86_64-linux-gnu] ==> dir [/lib/x86_64-linux-gnu]
    arg [-L/lib/../lib] ==> dir [/lib/../lib]
    arg [-L/usr/lib/x86_64-linux-gnu] ==> dir [/usr/lib/x86_64-linux-gnu]
    arg [-L/usr/lib/../lib] ==> dir [/usr/lib/../lib]
    arg [-L/usr/lib/gcc/x86_64-linux-gnu/9/../../..] ==> dir [/usr/lib/gcc/x86_64-linux-gnu/9/../../..]
    arg [CMakeFiles/cmTC_bd8ec.dir/CMakeCCompilerABI.c.o] ==> ignore
    arg [-lgcc] ==> lib [gcc]
    arg [--push-state] ==> ignore
    arg [--as-needed] ==> ignore
    arg [-lgcc_s] ==> lib [gcc_s]
    arg [--pop-state] ==> ignore
    arg [-lc] ==> lib [c]
    arg [-lgcc] ==> lib [gcc]
    arg [--push-state] ==> ignore
    arg [--as-needed] ==> ignore
    arg [-lgcc_s] ==> lib [gcc_s]
    arg [--pop-state] ==> ignore
    arg [/usr/lib/gcc/x86_64-linux-gnu/9/crtendS.o] ==> ignore
    arg [/usr/lib/gcc/x86_64-linux-gnu/9/../../../x86_64-linux-gnu/crtn.o] ==> ignore
  collapse library dir [/usr/lib/gcc/x86_64-linux-gnu/9] ==> [/usr/lib/gcc/x86_64-linux-gnu/9]
  collapse library dir [/usr/lib/gcc/x86_64-linux-gnu/9/../../../x86_64-linux-gnu] ==> [/usr/lib/x86_64-linux-gnu]
  collapse library dir [/usr/lib/gcc/x86_64-linux-gnu/9/../../../../lib] ==> [/usr/lib]
  collapse library dir [/lib/x86_64-linux-gnu] ==> [/lib/x86_64-linux-gnu]
  collapse library dir [/lib/../lib] ==> [/lib]
  collapse library dir [/usr/lib/x86_64-linux-gnu] ==> [/usr/lib/x86_64-linux-gnu]
  collapse library dir [/usr/lib/../lib] ==> [/usr/lib]
  collapse library dir [/usr/lib/gcc/x86_64-linux-gnu/9/../../..] ==> [/usr/lib]
  implicit libs: [gcc;gcc_s;c;gcc;gcc_s]
  implicit dirs: [/usr/lib/gcc/x86_64-linux-gnu/9;/usr/lib/x86_64-linux-gnu;/usr/lib;/lib/x86_64-linux-gnu;/lib]
  implicit fwks: []




Detecting C [-std=c11] compiler features compiled with the following output:
Change Dir: /home/genesys/Demo/Suyash_OTA_FL/gr-OTA_FL/build/CMakeFiles/CMakeTmp

Run Build Command:"/usr/bin/make" "cmTC_7221f/fast"
/usr/bin/make -f CMakeFiles/cmTC_7221f.dir/build.make CMakeFiles/cmTC_7221f.dir/build
make[1]: Entering directory '/home/genesys/Demo/Suyash_OTA_FL/gr-OTA_FL/build/CMakeFiles/CMakeTmp'
Building C object CMakeFiles/cmTC_7221f.dir/feature_tests.c.o
/usr/bin/cc   -std=c11 -o CMakeFiles/cmTC_7221f.dir/feature_tests.c.o   -c /home/genesys/Demo/Suyash_OTA_FL/gr-OTA_FL/build/CMakeFiles/feature_tests.c
Linking C executable cmTC_7221f
/usr/local/bin/cmake -E cmake_link_script CMakeFiles/cmTC_7221f.dir/link.txt --verbose=1
/usr/bin/cc      CMakeFiles/cmTC_7221f.dir/feature_tests.c.o  -o cmTC_7221f 
make[1]: Leaving directory '/home/genesys/Demo/Suyash_OTA_FL/gr-OTA_FL/build/CMakeFiles/CMakeTmp'


    Feature record: C_FEATURE:1c_function_prototypes
    Feature record: C_FEATURE:1c_restrict
    Feature record: C_FEATURE:1c_static_assert
    Feature record: C_FEATURE:1c_variadic_macros


Detecting C [-std=c99] compiler features compiled with the following output:
Change Dir: /home/genesys/Demo/Suyash_OTA_FL/gr-OTA_FL/build/CMakeFiles/CMakeTmp

Run Build Command:"/usr/bin/make" "cmTC_1e468/fast"
/usr/bin/make -f CMakeFiles/cmTC_1e468.dir/build.make CMakeFiles/cmTC_1e468.dir/build
make[1]: Entering directory '/home/genesys/Demo/Suyash_OTA_FL/gr-OTA_FL/build/CMakeFiles/CMakeTmp'
Building C object CMakeFiles/cmTC_1e468.dir/feature_tests.c.o
/usr/bin/cc   -std=c99 -o CMakeFiles/cmTC_1e468.dir/feature_tests.c.o   -c /home/genesys/Demo/Suyash_OTA_FL/gr-OTA_FL/build/CMakeFiles/feature_tests.c
Linking C executable cmTC_1e468
/usr/local/bin/cmake -E cmake_link_script CMakeFiles/cmTC_1e468.dir/link.txt --verbose=1
/usr/bin/cc      CMakeFiles/cmTC_1e468.dir/feature_tests.c.o  -o cmTC_1e468 
make[1]: Leaving directory '/home/genesys/Demo/Suyash_OTA_FL/gr-OTA_FL/build/CMakeFiles/CMakeTmp'


    Feature record: C_FEATURE:1c_function_prototypes
    Feature record: C_FEATURE:1c_restrict
    Feature record: C_FEATURE:0c_static_assert
    Feature record: C_FEATURE:1c_variadic_macros


Detecting C [-std=c90] compiler features compiled with the following output:
Change Dir: /home/genesys/Demo/Suyash_OTA_FL/gr-OTA_FL/build/CMakeFiles/CMakeTmp

Run Build Command:"/usr/bin/make" "cmTC_36e48/fast"
/usr/bin/make -f CMakeFiles/cmTC_36e48.dir/build.make CMakeFiles/cmTC_36e48.dir/build
make[1]: Entering directory '/home/genesys/Demo/Suyash_OTA_FL/gr-OTA_FL/build/CMakeFiles/CMakeTmp'
Building C object CMakeFiles/cmTC_36e48.dir/feature_tests.c.o
/usr/bin/cc   -std=c90 -o CMakeFiles/cmTC_36e48.dir/feature_tests.c.o   -c /home/genesys/Demo/Suyash_OTA_FL/gr-OTA_FL/build/CMakeFiles/feature_tests.c
Linking C executable cmTC_36e48
/usr/local/bin/cmake -E cmake_link_script CMakeFiles/cmTC_36e48.dir/link.txt --verbose=1
/usr/bin/cc      CMakeFiles/cmTC_36e48.dir/feature_tests.c.o  -o cmTC_36e48 
make[1]: Leaving directory '/home/genesys/Demo/Suyash_OTA_FL/gr-OTA_FL/build/CMakeFiles/CMakeTmp'


    Feature record: C_FEATURE:1c_function_prototypes
    Feature record: C_FEATURE:0c_restrict
    Feature record: C_FEATURE:0c_static_assert
    Feature record: C_FEATURE:0c_variadic_macros
Determining if the include file pthread.h exists passed with the following output:
Change Dir: /home/genesys/Demo/Suyash_OTA_FL/gr-OTA_FL/build/CMakeFiles/CMakeTmp

Run Build Command:"/usr/bin/make" "cmTC_88e9b/fast"
/usr/bin/make -f CMakeFiles/cmTC_88e9b.dir/build.make CMakeFiles/cmTC_88e9b.dir/build
make[1]: Entering directory '/home/genesys/Demo/Suyash_OTA_FL/gr-OTA_FL/build/CMakeFiles/CMakeTmp'
Building C object CMakeFiles/cmTC_88e9b.dir/CheckIncludeFile.c.o
/usr/bin/cc    -o CMakeFiles/cmTC_88e9b.dir/CheckIncludeFile.c.o   -c /home/genesys/Demo/Suyash_OTA_FL/gr-OTA_FL/build/CMakeFiles/CMakeTmp/CheckIncludeFile.c
Linking C executable cmTC_88e9b
/usr/local/bin/cmake -E cmake_link_script CMakeFiles/cmTC_88e9b.dir/link.txt --verbose=1
/usr/bin/cc      CMakeFiles/cmTC_88e9b.dir/CheckIncludeFile.c.o  -o cmTC_88e9b 
make[1]: Leaving directory '/home/genesys/Demo/Suyash_OTA_FL/gr-OTA_FL/build/CMakeFiles/CMakeTmp'


Determining if the function pthread_create exists in the pthread passed with the following output:
Change Dir: /home/genesys/Demo/Suyash_OTA_FL/gr-OTA_FL/build/CMakeFiles/CMakeTmp

Run Build Command:"/usr/bin/make" "cmTC_5b837/fast"
/usr/bin/make -f CMakeFiles/cmTC_5b837.dir/build.make CMakeFiles/cmTC_5b837.dir/build
make[1]: Entering directory '/home/genesys/Demo/Suyash_OTA_FL/gr-OTA_FL/build/CMakeFiles/CMakeTmp'
Building C object CMakeFiles/cmTC_5b837.dir/CheckFunctionExists.c.o
/usr/bin/cc   -DCHECK_FUNCTION_EXISTS=pthread_create   -o CMakeFiles/cmTC_5b837.dir/CheckFunctionExists.c.o   -c /usr/local/share/cmake-3.13/Modules/CheckFunctionExists.c
Linking C executable cmTC_5b837
/usr/local/bin/cmake -E cmake_link_script CMakeFiles/cmTC_5b837.dir/link.txt --verbose=1
/usr/bin/cc  -DCHECK_FUNCTION_EXISTS=pthread_create    CMakeFiles/cmTC_5b837.dir/CheckFunctionExists.c.o  -o cmTC_5b837 -lpthread 
make[1]: Leaving directory '/home/genesys/Demo/Suyash_OTA_FL/gr-OTA_FL/build/CMakeFiles/CMakeTmp'


Determining if the include file sys/types.h exists passed with the following output:
Change Dir: /home/genesys/Demo/Suyash_OTA_FL/gr-OTA_FL/build/CMakeFiles/CMakeTmp

Run Build Command:"/usr/bin/make" "cmTC_49072/fast"
/usr/bin/make -f CMakeFiles/cmTC_49072.dir/build.make CMakeFiles/cmTC_49072.dir/build
make[1]: Entering directory '/home/genesys/Demo/Suyash_OTA_FL/gr-OTA_FL/build/CMakeFiles/CMakeTmp'
Building C object CMakeFiles/cmTC_49072.dir/CheckIncludeFile.c.o
/usr/bin/cc   -std=c11 -o CMakeFiles/cmTC_49072.dir/CheckIncludeFile.c.o   -c /home/genesys/Demo/Suyash_OTA_FL/gr-OTA_FL/build/CMakeFiles/CMakeTmp/CheckIncludeFile.c
Linking C executable cmTC_49072
/usr/local/bin/cmake -E cmake_link_script CMakeFiles/cmTC_49072.dir/link.txt --verbose=1
/usr/bin/cc      CMakeFiles/cmTC_49072.dir/CheckIncludeFile.c.o  -o cmTC_49072 
make[1]: Leaving directory '/home/genesys/Demo/Suyash_OTA_FL/gr-OTA_FL/build/CMakeFiles/CMakeTmp'


Determining if the include file stdint.h exists passed with the following output:
Change Dir: /home/genesys/Demo/Suyash_OTA_FL/gr-OTA_FL/build/CMakeFiles/CMakeTmp

Run Build Command:"/usr/bin/make" "cmTC_a698d/fast"
/usr/bin/make -f CMakeFiles/cmTC_a698d.dir/build.make CMakeFiles/cmTC_a698d.dir/build
make[1]: Entering directory '/home/genesys/Demo/Suyash_OTA_FL/gr-OTA_FL/build/CMakeFiles/CMakeTmp'
Building C object CMakeFiles/cmTC_a698d.dir/CheckIncludeFile.c.o
/usr/bin/cc   -std=c11 -o CMakeFiles/cmTC_a698d.dir/CheckIncludeFile.c.o   -c /home/genesys/Demo/Suyash_OTA_FL/gr-OTA_FL/build/CMakeFiles/CMakeTmp/CheckIncludeFile.c
Linking C executable cmTC_a698d
/usr/local/bin/cmake -E cmake_link_script CMakeFiles/cmTC_a698d.dir/link.txt --verbose=1
/usr/bin/cc      CMakeFiles/cmTC_a698d.dir/CheckIncludeFile.c.o  -o cmTC_a698d 
make[1]: Leaving directory '/home/genesys/Demo/Suyash_OTA_FL/gr-OTA_FL/build/CMakeFiles/CMakeTmp'


Determining if the include file stddef.h exists passed with the following output:
Change Dir: /home/genesys/Demo/Suyash_OTA_FL/gr-OTA_FL/build/CMakeFiles/CMakeTmp

Run Build Command:"/usr/bin/make" "cmTC_732e6/fast"
/usr/bin/make -f CMakeFiles/cmTC_732e6.dir/build.make CMakeFiles/cmTC_732e6.dir/build
make[1]: Entering directory '/home/genesys/Demo/Suyash_OTA_FL/gr-OTA_FL/build/CMakeFiles/CMakeTmp'
Building C object CMakeFiles/cmTC_732e6.dir/CheckIncludeFile.c.o
/usr/bin/cc   -std=c11 -o CMakeFiles/cmTC_732e6.dir/CheckIncludeFile.c.o   -c /home/genesys/Demo/Suyash_OTA_FL/gr-OTA_FL/build/CMakeFiles/CMakeTmp/CheckIncludeFile.c
Linking C executable cmTC_732e6
/usr/local/bin/cmake -E cmake_link_script CMakeFiles/cmTC_732e6.dir/link.txt --verbose=1
/usr/bin/cc      CMakeFiles/cmTC_732e6.dir/CheckIncludeFile.c.o  -o cmTC_732e6 
make[1]: Leaving directory '/home/genesys/Demo/Suyash_OTA_FL/gr-OTA_FL/build/CMakeFiles/CMakeTmp'


Determining size of unsigned short passed with the following output:
Change Dir: /home/genesys/Demo/Suyash_OTA_FL/gr-OTA_FL/build/CMakeFiles/CMakeTmp

Run Build Command:"/usr/bin/make" "cmTC_e2790/fast"
/usr/bin/make -f CMakeFiles/cmTC_e2790.dir/build.make CMakeFiles/cmTC_e2790.dir/build
make[1]: Entering directory '/home/genesys/Demo/Suyash_OTA_FL/gr-OTA_FL/build/CMakeFiles/CMakeTmp'
Building C object CMakeFiles/cmTC_e2790.dir/CMAKE_SIZEOF_UNSIGNED_SHORT.c.o
/usr/bin/cc   -std=c11 -o CMakeFiles/cmTC_e2790.dir/CMAKE_SIZEOF_UNSIGNED_SHORT.c.o   -c /home/genesys/Demo/Suyash_OTA_FL/gr-OTA_FL/build/CMakeFiles/CheckTypeSize/CMAKE_SIZEOF_UNSIGNED_SHORT.c
Linking C executable cmTC_e2790
/usr/local/bin/cmake -E cmake_link_script CMakeFiles/cmTC_e2790.dir/link.txt --verbose=1
/usr/bin/cc      CMakeFiles/cmTC_e2790.dir/CMAKE_SIZEOF_UNSIGNED_SHORT.c.o  -o cmTC_e2790 
make[1]: Leaving directory '/home/genesys/Demo/Suyash_OTA_FL/gr-OTA_FL/build/CMakeFiles/CMakeTmp'


Determining if the system is big endian passed with the following output:
Change Dir: /home/genesys/Demo/Suyash_OTA_FL/gr-OTA_FL/build/CMakeFiles/CMakeTmp

Run Build Command:"/usr/bin/make" "cmTC_bc425/fast"
/usr/bin/make -f CMakeFiles/cmTC_bc425.dir/build.make CMakeFiles/cmTC_bc425.dir/build
make[1]: Entering directory '/home/genesys/Demo/Suyash_OTA_FL/gr-OTA_FL/build/CMakeFiles/CMakeTmp'
Building C object CMakeFiles/cmTC_bc425.dir/TestEndianess.c.o
/usr/bin/cc   -std=c11 -o CMakeFiles/cmTC_bc425.dir/TestEndianess.c.o   -c /home/genesys/Demo/Suyash_OTA_FL/gr-OTA_FL/build/CMakeFiles/CMakeTmp/TestEndianess.c
Linking C executable cmTC_bc425
/usr/local/bin/cmake -E cmake_link_script CMakeFiles/cmTC_bc425.dir/link.txt --verbose=1
/usr/bin/cc      CMakeFiles/cmTC_bc425.dir/TestEndianess.c.o  -o cmTC_bc425 
make[1]: Leaving directory '/home/genesys/Demo/Suyash_OTA_FL/gr-OTA_FL/build/CMakeFiles/CMakeTmp'

TestEndianess.c:
/* A 16 bit integer is required. */
typedef unsigned short cmakeint16;

/* On a little endian machine, these 16bit ints will give "THIS IS LITTLE ENDIAN."
   On a big endian machine the characters will be exchanged pairwise. */
const cmakeint16 info_little[] =  {0x4854, 0x5349, 0x4920, 0x2053, 0x494c, 0x5454, 0x454c, 0x4520, 0x444e, 0x4149, 0x2e4e, 0x0000};

/* on a big endian machine, these 16bit ints will give "THIS IS BIG ENDIAN."
   On a little endian machine the characters will be exchanged pairwise. */
const cmakeint16 info_big[] =     {0x5448, 0x4953, 0x2049, 0x5320, 0x4249, 0x4720, 0x454e, 0x4449, 0x414e, 0x2e2e, 0x0000};

#ifdef __CLASSIC_C__
int main(argc, argv) int argc; char *argv[];
#else
int main(int argc, char *argv[])
#endif
{
  int require = 0;
  require += info_little[argc];
  require += info_big[argc];
  (void)argv;
  return require;
}


Performing C++ SOURCE FILE Test HAVE_VISIBILITY_HIDDEN succeeded with the following output:
Change Dir: /home/genesys/Demo/Suyash_OTA_FL/gr-OTA_FL/build/CMakeFiles/CMakeTmp

Run Build Command:"/usr/bin/make" "cmTC_b0546/fast"
/usr/bin/make -f CMakeFiles/cmTC_b0546.dir/build.make CMakeFiles/cmTC_b0546.dir/build
make[1]: Entering directory '/home/genesys/Demo/Suyash_OTA_FL/gr-OTA_FL/build/CMakeFiles/CMakeTmp'
Building CXX object CMakeFiles/cmTC_b0546.dir/src.cxx.o
/usr/bin/c++    -DHAVE_VISIBILITY_HIDDEN   -fvisibility=hidden -std=c++17 -o CMakeFiles/cmTC_b0546.dir/src.cxx.o -c /home/genesys/Demo/Suyash_OTA_FL/gr-OTA_FL/build/CMakeFiles/CMakeTmp/src.cxx
Linking CXX executable cmTC_b0546
/usr/local/bin/cmake -E cmake_link_script CMakeFiles/cmTC_b0546.dir/link.txt --verbose=1
/usr/bin/c++   -DHAVE_VISIBILITY_HIDDEN    CMakeFiles/cmTC_b0546.dir/src.cxx.o  -o cmTC_b0546 
make[1]: Leaving directory '/home/genesys/Demo/Suyash_OTA_FL/gr-OTA_FL/build/CMakeFiles/CMakeTmp'

Source file was:
int main() { return 0; }
Performing C++ SOURCE FILE Test HAVE_WARN_SIGN_COMPARE succeeded with the following output:
Change Dir: /home/genesys/Demo/Suyash_OTA_FL/gr-OTA_FL/build/CMakeFiles/CMakeTmp

Run Build Command:"/usr/bin/make" "cmTC_c383a/fast"
/usr/bin/make -f CMakeFiles/cmTC_c383a.dir/build.make CMakeFiles/cmTC_c383a.dir/build
make[1]: Entering directory '/home/genesys/Demo/Suyash_OTA_FL/gr-OTA_FL/build/CMakeFiles/CMakeTmp'
Building CXX object CMakeFiles/cmTC_c383a.dir/src.cxx.o
/usr/bin/c++    -fvisibility=hidden -DHAVE_WARN_SIGN_COMPARE   -Wsign-compare -std=c++17 -o CMakeFiles/cmTC_c383a.dir/src.cxx.o -c /home/genesys/Demo/Suyash_OTA_FL/gr-OTA_FL/build/CMakeFiles/CMakeTmp/src.cxx
Linking CXX executable cmTC_c383a
/usr/local/bin/cmake -E cmake_link_script CMakeFiles/cmTC_c383a.dir/link.txt --verbose=1
/usr/bin/c++   -fvisibility=hidden -DHAVE_WARN_SIGN_COMPARE    CMakeFiles/cmTC_c383a.dir/src.cxx.o  -o cmTC_c383a 
make[1]: Leaving directory '/home/genesys/Demo/Suyash_OTA_FL/gr-OTA_FL/build/CMakeFiles/CMakeTmp'

Source file was:
int main() { return 0; }
Performing C++ SOURCE FILE Test HAVE_WARN_ALL succeeded with the following output:
Change Dir: /home/genesys/Demo/Suyash_OTA_FL/gr-OTA_FL/build/CMakeFiles/CMakeTmp

Run Build Command:"/usr/bin/make" "cmTC_c4c38/fast"
/usr/bin/make -f CMakeFiles/cmTC_c4c38.dir/build.make CMakeFiles/cmTC_c4c38.dir/build
make[1]: Entering directory '/home/genesys/Demo/Suyash_OTA_FL/gr-OTA_FL/build/CMakeFiles/CMakeTmp'
Building CXX object CMakeFiles/cmTC_c4c38.dir/src.cxx.o
/usr/bin/c++    -fvisibility=hidden -Wsign-compare -DHAVE_WARN_ALL   -Wall -std=c++17 -o CMakeFiles/cmTC_c4c38.dir/src.cxx.o -c /home/genesys/Demo/Suyash_OTA_FL/gr-OTA_FL/build/CMakeFiles/CMakeTmp/src.cxx
Linking CXX executable cmTC_c4c38
/usr/local/bin/cmake -E cmake_link_script CMakeFiles/cmTC_c4c38.dir/link.txt --verbose=1
/usr/bin/c++   -fvisibility=hidden -Wsign-compare -DHAVE_WARN_ALL    CMakeFiles/cmTC_c4c38.dir/src.cxx.o  -o cmTC_c4c38 
make[1]: Leaving directory '/home/genesys/Demo/Suyash_OTA_FL/gr-OTA_FL/build/CMakeFiles/CMakeTmp'

Source file was:
int main() { return 0; }
Performing C++ SOURCE FILE Test HAVE_WARN_NO_UNINITIALIZED succeeded with the following output:
Change Dir: /home/genesys/Demo/Suyash_OTA_FL/gr-OTA_FL/build/CMakeFiles/CMakeTmp

Run Build Command:"/usr/bin/make" "cmTC_bcc62/fast"
/usr/bin/make -f CMakeFiles/cmTC_bcc62.dir/build.make CMakeFiles/cmTC_bcc62.dir/build
make[1]: Entering directory '/home/genesys/Demo/Suyash_OTA_FL/gr-OTA_FL/build/CMakeFiles/CMakeTmp'
Building CXX object CMakeFiles/cmTC_bcc62.dir/src.cxx.o
/usr/bin/c++    -fvisibility=hidden -Wsign-compare -Wall -DHAVE_WARN_NO_UNINITIALIZED   -Wno-uninitialized -std=c++17 -o CMakeFiles/cmTC_bcc62.dir/src.cxx.o -c /home/genesys/Demo/Suyash_OTA_FL/gr-OTA_FL/build/CMakeFiles/CMakeTmp/src.cxx
Linking CXX executable cmTC_bcc62
/usr/local/bin/cmake -E cmake_link_script CMakeFiles/cmTC_bcc62.dir/link.txt --verbose=1
/usr/bin/c++   -fvisibility=hidden -Wsign-compare -Wall -DHAVE_WARN_NO_UNINITIALIZED    CMakeFiles/cmTC_bcc62.dir/src.cxx.o  -o cmTC_bcc62 
make[1]: Leaving directory '/home/genesys/Demo/Suyash_OTA_FL/gr-OTA_FL/build/CMakeFiles/CMakeTmp'

Source file was:
int main() { return 0; }
